23-04-2017 01:15:37 INFO [Log]: ****************************************************************************************
23-04-2017 01:15:37 INFO [Log]: ****************************************************************************************
23-04-2017 01:15:37 INFO [Log]: $$$$$$$$$$$$$$$$$$$$$                 ProfileDetails       $$$$$$$$$$$$$$$$$$$$$$$$$
23-04-2017 01:15:37 INFO [Log]: ****************************************************************************************
23-04-2017 01:15:37 INFO [Log]: ****************************************************************************************
23-04-2017 01:15:37 INFO [Log]: Profile page is displayed
2017-04-23 01:27:06,081 INFO  [Log] **************************************************************************************** 
2017-04-23 01:27:06,083 INFO  [Log] **************************************************************************************** 
2017-04-23 01:27:06,083 INFO  [Log] $$$$$$$$$$$$$$$$$$$$$                 ProfileDetails       $$$$$$$$$$$$$$$$$$$$$$$$$ 
2017-04-23 01:27:06,083 INFO  [Log] **************************************************************************************** 
2017-04-23 01:27:06,083 INFO  [Log] **************************************************************************************** 
2017-04-23 01:27:07,076 INFO  [Log] Profile page is displayed 
2017-04-30 14:36:42,568 INFO  [Log] **************************************************************************************** 
2017-04-30 14:36:42,577 INFO  [Log] **************************************************************************************** 
2017-04-30 14:36:42,577 INFO  [Log] $$$$$$$$$$$$$$$$$$$$$                 ProfileDetails       $$$$$$$$$$$$$$$$$$$$$$$$$ 
2017-04-30 14:36:42,577 INFO  [Log] **************************************************************************************** 
2017-04-30 14:36:42,577 INFO  [Log] **************************************************************************************** 
2017-04-30 14:36:43,659 INFO  [Log] Profile page is displayed 
2017-04-30 14:39:53,879 INFO  [Log] **************************************************************************************** 
2017-04-30 14:39:53,879 INFO  [Log] **************************************************************************************** 
2017-04-30 14:39:53,879 INFO  [Log] $$$$$$$$$$$$$$$$$$$$$                 ProfileDetails       $$$$$$$$$$$$$$$$$$$$$$$$$ 
2017-04-30 14:39:53,879 INFO  [Log] **************************************************************************************** 
2017-04-30 14:39:53,879 INFO  [Log] **************************************************************************************** 
2017-04-30 14:39:54,906 INFO  [Log] Profile page is displayed 
2017-05-01 03:25:17,604 INFO  [Log] **************************************************************************************** 
2017-05-01 03:25:17,616 INFO  [Log] **************************************************************************************** 
2017-05-01 03:25:17,616 INFO  [Log] $$$$$$$$$$$$$$$$$$$$$                 ProfileDetails       $$$$$$$$$$$$$$$$$$$$$$$$$ 
2017-05-01 03:25:17,616 INFO  [Log] **************************************************************************************** 
2017-05-01 03:25:17,616 INFO  [Log] **************************************************************************************** 
2017-05-01 03:25:18,765 INFO  [Log] Profile page is displayed 
2017-05-09 21:58:47,888 INFO  [Log] **************************************************************************************** 
2017-05-09 21:58:47,931 INFO  [Log] **************************************************************************************** 
2017-05-09 21:58:47,931 INFO  [Log] $$$$$$$$$$$$$$$$$$$$$                 ProfileDetails       $$$$$$$$$$$$$$$$$$$$$$$$$ 
2017-05-09 21:58:47,931 INFO  [Log] **************************************************************************************** 
2017-05-09 21:58:47,932 INFO  [Log] **************************************************************************************** 
2017-05-09 21:58:49,053 INFO  [Log] Profile page is displayed 
